<?xml version="1.0" encoding="UTF-8"?>
<!-- Generated by org.testng.reporters.JUnitReportReporter -->
<testsuite hostname="Windows81" name="com.RestAssured.pratice.FetchAllCountryData" tests="1" failures="0" timestamp="6 Sep 2020 02:31:34 GMT" time="51.462" errors="0">
  <testcase name="getAllCountries" time="51.462" classname="com.RestAssured.pratice.FetchAllCountryData"/>
</testsuite> <!-- com.RestAssured.pratice.FetchAllCountryData -->
