<?xml version="1.0" encoding="UTF-8"?>
<!-- Generated by org.testng.reporters.JUnitReportReporter -->
<testsuite hostname="Windows81" name="com.RestAssured.pratice.DemoJsonPath" tests="1" failures="0" timestamp="23 Aug 2020 03:56:53 GMT" time="8.687" errors="0">
  <testcase name="checkJsonPath" time="8.687" classname="com.RestAssured.pratice.DemoJsonPath"/>
</testsuite> <!-- com.RestAssured.pratice.DemoJsonPath -->
