<?xml version="1.0" encoding="UTF-8"?>
<!-- Generated by org.testng.reporters.JUnitReportReporter -->
<testsuite hostname="Windows81" name="com.RestAssured.pratice.FetchCountriesByJsonPath" tests="1" failures="0" timestamp="30 Aug 2020 03:19:03 GMT" time="10.296" errors="0">
  <testcase name="fetchCodeForSpecificCountry1" time="10.296" classname="com.RestAssured.pratice.FetchCountriesByJsonPath"/>
</testsuite> <!-- com.RestAssured.pratice.FetchCountriesByJsonPath -->
