<?xml version="1.0" encoding="UTF-8"?>
<!-- Generated by org.testng.reporters.JUnitReportReporter -->
<testsuite hostname="Windows81" name="com.RestAssured.pratice.PostComplexData" tests="1" failures="0" timestamp="23 Aug 2020 03:42:44 GMT" time="6.861" errors="0">
  <testcase name="addComplexData" time="6.861" classname="com.RestAssured.pratice.PostComplexData"/>
</testsuite> <!-- com.RestAssured.pratice.PostComplexData -->
