<?xml version="1.0" encoding="UTF-8"?>
<!-- Generated by org.testng.reporters.JUnitReportReporter -->
<testsuite hostname="Windows81" name="com.RestAssured.pratice.FetchDataFromPosts" tests="1" failures="0" timestamp="16 Aug 2020 03:21:37 GMT" time="5.593" errors="0">
  <testcase name="getData" time="5.593" classname="com.RestAssured.pratice.FetchDataFromPosts"/>
</testsuite> <!-- com.RestAssured.pratice.FetchDataFromPosts -->
