<?xml version="1.0" encoding="UTF-8"?>
<!-- Generated by org.testng.reporters.JUnitReportReporter -->
<testsuite hostname="Windows81" name="com.RestAssured.pratice.PostBulkData" tests="1" failures="0" timestamp="30 Aug 2020 04:05:30 GMT" time="11.335" errors="0">
  <testcase name="addBulkData" time="11.335" classname="com.RestAssured.pratice.PostBulkData"/>
</testsuite> <!-- com.RestAssured.pratice.PostBulkData -->
