<?xml version="1.0" encoding="UTF-8"?>
<!-- Generated by org.testng.reporters.JUnitReportReporter -->
<testsuite hostname="Windows81" name="com.api.testscripts.CreateaNewDataTest" tests="1" failures="0" timestamp="13 Sep 2020 02:48:38 GMT" time="5.321" errors="0">
  <testcase name="checkNewData" time="5.321" classname="com.api.testscripts.CreateaNewDataTest"/>
</testsuite> <!-- com.api.testscripts.CreateaNewDataTest -->
