<?xml version="1.0" encoding="UTF-8"?>
<!-- Generated by org.testng.reporters.JUnitReportReporter -->
<testsuite hostname="Windows81" name="com.api.testscripts.AddBulkDataTest" tests="1" failures="0" timestamp="13 Sep 2020 02:56:26 GMT" time="5.288" errors="0">
  <testcase name="checkBulkPost" time="5.288" classname="com.api.testscripts.AddBulkDataTest"/>
</testsuite> <!-- com.api.testscripts.AddBulkDataTest -->
