<?xml version="1.0" encoding="UTF-8"?>
<!-- Generated by org.testng.reporters.JUnitReportReporter -->
<testsuite hostname="Windows81" name="com.api.testscripts.FetchAllCountriesTest" tests="1" failures="0" timestamp="13 Sep 2020 03:56:43 GMT" time="10.116" errors="0">
  <testcase name="getAllCountry" time="10.116" classname="com.api.testscripts.FetchAllCountriesTest"/>
</testsuite> <!-- com.api.testscripts.FetchAllCountriesTest -->
