<?xml version="1.0" encoding="UTF-8"?>
<!-- Generated by org.testng.reporters.JUnitReportReporter -->
<testsuite hostname="Windows81" name="com.RestAssured.pratice.RemoveDataFromPosts" tests="1" failures="0" timestamp="15 Aug 2020 02:36:01 GMT" time="8.084" errors="0">
  <testcase name="removeData" time="8.084" classname="com.RestAssured.pratice.RemoveDataFromPosts"/>
</testsuite> <!-- com.RestAssured.pratice.RemoveDataFromPosts -->
