<?xml version="1.0" encoding="UTF-8"?>
<!-- Generated by org.testng.reporters.JUnitReportReporter -->
<testsuite hostname="Windows81" name="com.RestAssured.pratice.CheckParameterization" tests="1" failures="0" timestamp="6 Sep 2020 03:02:28 GMT" time="11.246" errors="0">
  <testcase name="getDataByQS" time="11.246" classname="com.RestAssured.pratice.CheckParameterization"/>
</testsuite> <!-- com.RestAssured.pratice.CheckParameterization -->
