<?xml version="1.0" encoding="UTF-8"?>
<!-- Generated by org.testng.reporters.JUnitReportReporter -->
<testsuite hostname="Windows81" name="com.RestAssured.pratice.AddNewDatainPosts" tests="1" failures="0" timestamp="16 Aug 2020 02:40:54 GMT" time="31.540" errors="0">
  <testcase name="createNewData" time="31.540" classname="com.RestAssured.pratice.AddNewDatainPosts"/>
</testsuite> <!-- com.RestAssured.pratice.AddNewDatainPosts -->
