<?xml version="1.0" encoding="UTF-8"?>
<!-- Generated by org.testng.reporters.JUnitReportReporter -->
<testsuite hostname="Windows81" name="com.api.testscripts.FetchAllPostsTest" tests="1" failures="0" timestamp="19 Sep 2020 02:44:18 GMT" time="1.390" errors="0">
  <testcase name="getAllPosts" time="1.390" classname="com.api.testscripts.FetchAllPostsTest"/>
</testsuite> <!-- com.api.testscripts.FetchAllPostsTest -->
