<?xml version="1.0" encoding="UTF-8"?>
<!-- Generated by org.testng.reporters.JUnitReportReporter -->
<testsuite hostname="Windows81" name="com.api.testscripts.FetchAllCountriesTest" tests="1" failures="0" timestamp="19 Sep 2020 02:44:18 GMT" time="3.083" errors="0">
  <testcase name="getAllCountry" time="3.083" classname="com.api.testscripts.FetchAllCountriesTest"/>
</testsuite> <!-- com.api.testscripts.FetchAllCountriesTest -->
