<?xml version="1.0" encoding="UTF-8"?>
<!-- Generated by org.testng.reporters.JUnitReportReporter -->
<testsuite hostname="Windows81" name="com.api.testscripts.CreateaNewDataTest" tests="1" failures="0" timestamp="19 Sep 2020 02:44:18 GMT" time="0.134" errors="0">
  <testcase name="checkNewData" time="0.134" classname="com.api.testscripts.CreateaNewDataTest"/>
</testsuite> <!-- com.api.testscripts.CreateaNewDataTest -->
