<?xml version="1.0" encoding="UTF-8"?>
<!-- Generated by org.testng.reporters.JUnitReportReporter -->
<testsuite hostname="Windows81" name="com.api.testscripts.AddBulkDataTest" tests="1" failures="0" timestamp="19 Sep 2020 02:44:18 GMT" time="8.226" errors="0">
  <testcase name="checkBulkPost" time="8.226" classname="com.api.testscripts.AddBulkDataTest"/>
</testsuite> <!-- com.api.testscripts.AddBulkDataTest -->
